build/app/intermediates/manifest_merge_blame_file/release/manifest-merger-blame-release-report.txt
1<?xml version="1.0" encoding="utf-8"?>
2<manifest xmlns:android="http://schemas.android.com/apk/res/android"
3    package="app.one.homchf.vendor"
4    android:versionCode="7"
5    android:versionName="1.0.7" >
6
7    <uses-sdk
8        android:minSdkVersion="16"
8-->src/main/AndroidManifest.xml
9        android:targetSdkVersion="31" />
9-->src/main/AndroidManifest.xml
10
11    <uses-permission android:name="android.permission.INTERNET" />
11-->src/main/AndroidManifest.xml:3:5-83
11-->src/main/AndroidManifest.xml:3:22-64
12    <uses-permission android:name="android.permission.ACCESS_WIFI_STATE" />
12-->src/main/AndroidManifest.xml:4:5-92
12-->src/main/AndroidManifest.xml:4:22-73
13    <uses-permission android:name="android.permission.CHANGE_WIFI_STATE" />
13-->src/main/AndroidManifest.xml:5:5-92
13-->src/main/AndroidManifest.xml:5:22-73
14    <uses-permission android:name="android.permission.ACCESS_NETWORK_STATE" /> <!-- Create a unique permission for your app and use it so only your app can receive your OneSignal messages. -->
14-->[:connectivity] AndroidManifest.xml:7:5-79
14-->[:connectivity] AndroidManifest.xml:7:22-76
15    <permission
15-->[com.onesignal:OneSignal:4.6.3] AndroidManifest.xml:7:5-9:47
16        android:name="app.one.homchf.vendor.permission.C2D_MESSAGE"
16-->[com.onesignal:OneSignal:4.6.3] AndroidManifest.xml:8:9-63
17        android:protectionLevel="signature" />
17-->[com.onesignal:OneSignal:4.6.3] AndroidManifest.xml:9:9-44
18
19    <uses-permission android:name="app.one.homchf.vendor.permission.C2D_MESSAGE" /> <!-- c2dm RECEIVE are basic requirements for push messages through Google's FCM -->
19-->[com.onesignal:OneSignal:4.6.3] AndroidManifest.xml:11:5-79
19-->[com.onesignal:OneSignal:4.6.3] AndroidManifest.xml:11:22-76
20    <uses-permission android:name="com.google.android.c2dm.permission.RECEIVE" /> <!-- Required, makes sure notifications are delivered on time. -->
20-->[com.onesignal:OneSignal:4.6.3] AndroidManifest.xml:17:5-82
20-->[com.onesignal:OneSignal:4.6.3] AndroidManifest.xml:17:22-79
21    <uses-permission android:name="android.permission.WAKE_LOCK" />
21-->[com.onesignal:OneSignal:4.6.3] AndroidManifest.xml:18:5-68
21-->[com.onesignal:OneSignal:4.6.3] AndroidManifest.xml:18:22-65
22    <!--
23 Required so the device vibrates on receiving a push notification.
24         Vibration settings of the device still apply.
25    -->
26    <uses-permission android:name="android.permission.VIBRATE" />
26-->[com.onesignal:OneSignal:4.6.3] AndroidManifest.xml:23:5-66
26-->[com.onesignal:OneSignal:4.6.3] AndroidManifest.xml:23:22-63
27    <!--
28 Use to restore notifications the user hasn't interacted with.
29         They could be missed notifications if the user reboots their device if this isn't in place.
30    -->
31    <uses-permission android:name="android.permission.RECEIVE_BOOT_COMPLETED" /> <!-- START: ShortcutBadger -->
31-->[com.onesignal:OneSignal:4.6.3] AndroidManifest.xml:29:5-81
31-->[com.onesignal:OneSignal:4.6.3] AndroidManifest.xml:29:22-78
32    <!-- Samsung -->
33    <uses-permission android:name="com.sec.android.provider.badge.permission.READ" />
33-->[com.onesignal:OneSignal:4.6.3] AndroidManifest.xml:31:5-86
33-->[com.onesignal:OneSignal:4.6.3] AndroidManifest.xml:31:22-83
34    <uses-permission android:name="com.sec.android.provider.badge.permission.WRITE" /> <!-- HTC -->
34-->[com.onesignal:OneSignal:4.6.3] AndroidManifest.xml:32:5-87
34-->[com.onesignal:OneSignal:4.6.3] AndroidManifest.xml:32:22-84
35    <uses-permission android:name="com.htc.launcher.permission.READ_SETTINGS" />
35-->[com.onesignal:OneSignal:4.6.3] AndroidManifest.xml:33:5-81
35-->[com.onesignal:OneSignal:4.6.3] AndroidManifest.xml:33:22-78
36    <uses-permission android:name="com.htc.launcher.permission.UPDATE_SHORTCUT" /> <!-- Sony -->
36-->[com.onesignal:OneSignal:4.6.3] AndroidManifest.xml:34:5-83
36-->[com.onesignal:OneSignal:4.6.3] AndroidManifest.xml:34:22-80
37    <uses-permission android:name="com.sonyericsson.home.permission.BROADCAST_BADGE" />
37-->[com.onesignal:OneSignal:4.6.3] AndroidManifest.xml:35:5-88
37-->[com.onesignal:OneSignal:4.6.3] AndroidManifest.xml:35:22-85
38    <uses-permission android:name="com.sonymobile.home.permission.PROVIDER_INSERT_BADGE" /> <!-- Apex -->
38-->[com.onesignal:OneSignal:4.6.3] AndroidManifest.xml:36:5-92
38-->[com.onesignal:OneSignal:4.6.3] AndroidManifest.xml:36:22-89
39    <uses-permission android:name="com.anddoes.launcher.permission.UPDATE_COUNT" /> <!-- Solid -->
39-->[com.onesignal:OneSignal:4.6.3] AndroidManifest.xml:37:5-84
39-->[com.onesignal:OneSignal:4.6.3] AndroidManifest.xml:37:22-81
40    <uses-permission android:name="com.majeur.launcher.permission.UPDATE_BADGE" /> <!-- Huawei -->
40-->[com.onesignal:OneSignal:4.6.3] AndroidManifest.xml:38:5-83
40-->[com.onesignal:OneSignal:4.6.3] AndroidManifest.xml:38:22-80
41    <uses-permission android:name="com.huawei.android.launcher.permission.CHANGE_BADGE" />
41-->[com.onesignal:OneSignal:4.6.3] AndroidManifest.xml:39:5-91
41-->[com.onesignal:OneSignal:4.6.3] AndroidManifest.xml:39:22-88
42    <uses-permission android:name="com.huawei.android.launcher.permission.READ_SETTINGS" />
42-->[com.onesignal:OneSignal:4.6.3] AndroidManifest.xml:40:5-92
42-->[com.onesignal:OneSignal:4.6.3] AndroidManifest.xml:40:22-89
43    <uses-permission android:name="com.huawei.android.launcher.permission.WRITE_SETTINGS" /> <!-- ZUK -->
43-->[com.onesignal:OneSignal:4.6.3] AndroidManifest.xml:41:5-93
43-->[com.onesignal:OneSignal:4.6.3] AndroidManifest.xml:41:22-90
44    <uses-permission android:name="android.permission.READ_APP_BADGE" /> <!-- OPPO -->
44-->[com.onesignal:OneSignal:4.6.3] AndroidManifest.xml:42:5-73
44-->[com.onesignal:OneSignal:4.6.3] AndroidManifest.xml:42:22-70
45    <uses-permission android:name="com.oppo.launcher.permission.READ_SETTINGS" />
45-->[com.onesignal:OneSignal:4.6.3] AndroidManifest.xml:43:5-82
45-->[com.onesignal:OneSignal:4.6.3] AndroidManifest.xml:43:22-79
46    <uses-permission android:name="com.oppo.launcher.permission.WRITE_SETTINGS" /> <!-- EvMe -->
46-->[com.onesignal:OneSignal:4.6.3] AndroidManifest.xml:44:5-83
46-->[com.onesignal:OneSignal:4.6.3] AndroidManifest.xml:44:22-80
47    <uses-permission android:name="me.everything.badger.permission.BADGE_COUNT_READ" />
47-->[com.onesignal:OneSignal:4.6.3] AndroidManifest.xml:45:5-88
47-->[com.onesignal:OneSignal:4.6.3] AndroidManifest.xml:45:22-85
48    <uses-permission android:name="me.everything.badger.permission.BADGE_COUNT_WRITE" />
48-->[com.onesignal:OneSignal:4.6.3] AndroidManifest.xml:46:5-89
48-->[com.onesignal:OneSignal:4.6.3] AndroidManifest.xml:46:22-86
49    <uses-permission android:name="android.permission.FOREGROUND_SERVICE" />
49-->[androidx.work:work-runtime:2.7.1] AndroidManifest.xml:28:5-77
49-->[androidx.work:work-runtime:2.7.1] AndroidManifest.xml:28:22-74
50
51    <application
51-->src/main/AndroidManifest.xml:6:4-50:19
52        android:appComponentFactory="androidx.core.app.CoreComponentFactory"
52-->[androidx.core:core:1.6.0] AndroidManifest.xml:24:18-86
53        android:icon="@mipmap/ic_launcher"
53-->src/main/AndroidManifest.xml:8:9-43
54        android:label="HomChf Vendor" >
54-->src/main/AndroidManifest.xml:7:9-38
55        <activity
55-->src/main/AndroidManifest.xml:9:9-44:20
56            android:name="app.one.homchf.vendor.MainActivity"
56-->src/main/AndroidManifest.xml:10:13-41
57            android:configChanges="orientation|keyboardHidden|keyboard|screenSize|smallestScreenSize|locale|layoutDirection|fontScale|screenLayout|density|uiMode"
57-->src/main/AndroidManifest.xml:12:13-163
58            android:exported="true"
58-->src/main/AndroidManifest.xml:15:13-36
59            android:hardwareAccelerated="true"
59-->src/main/AndroidManifest.xml:13:13-47
60            android:launchMode="singleTask"
60-->src/main/AndroidManifest.xml:16:13-44
61            android:requestLegacyExternalStorage="true"
61-->src/main/AndroidManifest.xml:14:13-58
62            android:theme="@style/LaunchTheme"
62-->src/main/AndroidManifest.xml:11:13-47
63            android:windowSoftInputMode="adjustResize" >
63-->src/main/AndroidManifest.xml:17:13-55
64
65            <!--
66                 Specifies an Android theme to apply to this Activity as soon as
67                 the Android process has started. This theme is visible to the user
68                 while the Flutter UI initializes. After that, this theme continues
69                 to determine the Window background behind the Flutter UI.
70            -->
71            <meta-data
71-->src/main/AndroidManifest.xml:22:13-25:17
72                android:name="io.flutter.embedding.android.NormalTheme"
72-->src/main/AndroidManifest.xml:23:15-70
73                android:resource="@style/NormalTheme" />
73-->src/main/AndroidManifest.xml:24:15-52
74            <!--
75                 Displays an Android View that continues showing the launch screen
76                 Drawable until Flutter paints its first frame, then this splash
77                 screen fades out. A splash screen is useful to avoid any visual
78                 gap between the end of Android's launch screen and the painting of
79                 Flutter's first frame.
80            -->
81            <meta-data
81-->src/main/AndroidManifest.xml:31:13-33:73
82                android:name="com.google.android.gms.version"
82-->src/main/AndroidManifest.xml:32:17-62
83                android:value="@integer/google_play_services_version" />
83-->src/main/AndroidManifest.xml:33:17-70
84            <meta-data
84-->src/main/AndroidManifest.xml:36:13-39:17
85                android:name="io.flutter.embedding.android.SplashScreenDrawable"
85-->src/main/AndroidManifest.xml:37:15-79
86                android:resource="@drawable/splashscreen" />
86-->src/main/AndroidManifest.xml:38:15-56
87
88            <intent-filter>
88-->src/main/AndroidManifest.xml:40:13-43:29
89                <action android:name="android.intent.action.MAIN" />
89-->src/main/AndroidManifest.xml:41:17-68
89-->src/main/AndroidManifest.xml:41:25-66
90
91                <category android:name="android.intent.category.LAUNCHER" />
91-->src/main/AndroidManifest.xml:42:17-76
91-->src/main/AndroidManifest.xml:42:27-74
92            </intent-filter>
93        </activity>
94        <!--
95             Don't delete the meta-data below.
96             This is used by the Flutter tool to generate GeneratedPluginRegistrant.java
97        -->
98        <meta-data
98-->src/main/AndroidManifest.xml:47:9-49:33
99            android:name="flutterEmbedding"
99-->src/main/AndroidManifest.xml:48:13-44
100            android:value="2" />
100-->src/main/AndroidManifest.xml:49:13-30
101
102        <provider
102-->[:image_picker] AndroidManifest.xml:8:9-16:20
103            android:name="io.flutter.plugins.imagepicker.ImagePickerFileProvider"
103-->[:image_picker] AndroidManifest.xml:9:13-82
104            android:authorities="app.one.homchf.vendor.flutter.image_provider"
104-->[:image_picker] AndroidManifest.xml:10:13-74
105            android:exported="false"
105-->[:image_picker] AndroidManifest.xml:11:13-37
106            android:grantUriPermissions="true" >
106-->[:image_picker] AndroidManifest.xml:12:13-47
107            <meta-data
107-->[:image_picker] AndroidManifest.xml:13:13-15:75
108                android:name="android.support.FILE_PROVIDER_PATHS"
108-->[:image_picker] AndroidManifest.xml:14:17-67
109                android:resource="@xml/flutter_image_picker_file_paths" />
109-->[:image_picker] AndroidManifest.xml:15:17-72
110        </provider>
111
112        <activity
112-->[:url_launcher] AndroidManifest.xml:8:9-11:74
113            android:name="io.flutter.plugins.urllauncher.WebViewActivity"
113-->[:url_launcher] AndroidManifest.xml:9:13-74
114            android:exported="false"
114-->[:url_launcher] AndroidManifest.xml:10:13-37
115            android:theme="@android:style/Theme.NoTitleBar.Fullscreen" />
115-->[:url_launcher] AndroidManifest.xml:11:13-71
116
117        <receiver
117-->[com.onesignal:OneSignal:4.6.3] AndroidManifest.xml:49:9-60:20
118            android:name="com.onesignal.FCMBroadcastReceiver"
118-->[com.onesignal:OneSignal:4.6.3] AndroidManifest.xml:50:13-62
119            android:exported="true"
119-->[com.onesignal:OneSignal:4.6.3] AndroidManifest.xml:51:13-36
120            android:permission="com.google.android.c2dm.permission.SEND" >
120-->[com.onesignal:OneSignal:4.6.3] AndroidManifest.xml:52:13-73
121
122            <!-- High priority so OneSignal payloads can be filtered from other FCM receivers -->
123            <intent-filter android:priority="999" >
123-->[com.onesignal:OneSignal:4.6.3] AndroidManifest.xml:55:13-59:29
123-->[com.onesignal:OneSignal:4.6.3] AndroidManifest.xml:55:28-50
124                <action android:name="com.google.android.c2dm.intent.RECEIVE" />
124-->[com.onesignal:OneSignal:4.6.3] AndroidManifest.xml:56:17-81
124-->[com.onesignal:OneSignal:4.6.3] AndroidManifest.xml:56:25-78
125
126                <category android:name="app.one.homchf.vendor" />
126-->[com.onesignal:OneSignal:4.6.3] AndroidManifest.xml:58:17-61
126-->[com.onesignal:OneSignal:4.6.3] AndroidManifest.xml:58:27-58
127            </intent-filter>
128        </receiver>
129
130        <service
130-->[com.onesignal:OneSignal:4.6.3] AndroidManifest.xml:62:9-68:19
131            android:name="com.onesignal.HmsMessageServiceOneSignal"
131-->[com.onesignal:OneSignal:4.6.3] AndroidManifest.xml:63:13-68
132            android:exported="false" >
132-->[com.onesignal:OneSignal:4.6.3] AndroidManifest.xml:64:13-37
133            <intent-filter>
133-->[com.onesignal:OneSignal:4.6.3] AndroidManifest.xml:65:13-67:29
134                <action android:name="com.huawei.push.action.MESSAGING_EVENT" />
134-->[com.onesignal:OneSignal:4.6.3] AndroidManifest.xml:66:17-81
134-->[com.onesignal:OneSignal:4.6.3] AndroidManifest.xml:66:25-78
135            </intent-filter>
136        </service>
137
138        <activity
138-->[com.onesignal:OneSignal:4.6.3] AndroidManifest.xml:70:9-78:20
139            android:name="com.onesignal.NotificationOpenedActivityHMS"
139-->[com.onesignal:OneSignal:4.6.3] AndroidManifest.xml:71:13-71
140            android:exported="true"
140-->[com.onesignal:OneSignal:4.6.3] AndroidManifest.xml:72:13-36
141            android:noHistory="true"
141-->[com.onesignal:OneSignal:4.6.3] AndroidManifest.xml:73:13-37
142            android:theme="@android:style/Theme.Translucent.NoTitleBar" >
142-->[com.onesignal:OneSignal:4.6.3] AndroidManifest.xml:74:13-72
143            <intent-filter>
143-->[com.onesignal:OneSignal:4.6.3] AndroidManifest.xml:75:13-77:29
144                <action android:name="android.intent.action.VIEW" />
144-->[com.onesignal:OneSignal:4.6.3] AndroidManifest.xml:76:17-69
144-->[com.onesignal:OneSignal:4.6.3] AndroidManifest.xml:76:25-66
145            </intent-filter>
146        </activity>
147
148        <service
148-->[com.onesignal:OneSignal:4.6.3] AndroidManifest.xml:80:9-82:40
149            android:name="com.onesignal.FCMIntentService"
149-->[com.onesignal:OneSignal:4.6.3] AndroidManifest.xml:81:13-58
150            android:exported="false" />
150-->[com.onesignal:OneSignal:4.6.3] AndroidManifest.xml:82:13-37
151        <service
151-->[com.onesignal:OneSignal:4.6.3] AndroidManifest.xml:83:9-86:72
152            android:name="com.onesignal.FCMIntentJobService"
152-->[com.onesignal:OneSignal:4.6.3] AndroidManifest.xml:84:13-61
153            android:exported="false"
153-->[com.onesignal:OneSignal:4.6.3] AndroidManifest.xml:85:13-37
154            android:permission="android.permission.BIND_JOB_SERVICE" />
154-->[com.onesignal:OneSignal:4.6.3] AndroidManifest.xml:86:13-69
155        <service
155-->[com.onesignal:OneSignal:4.6.3] AndroidManifest.xml:87:9-90:43
156            android:name="com.onesignal.FocusDelaySyncService"
156-->[com.onesignal:OneSignal:4.6.3] AndroidManifest.xml:88:13-63
157            android:exported="false"
157-->[com.onesignal:OneSignal:4.6.3] AndroidManifest.xml:89:13-37
158            android:stopWithTask="true" />
158-->[com.onesignal:OneSignal:4.6.3] AndroidManifest.xml:90:13-40
159        <service
159-->[com.onesignal:OneSignal:4.6.3] AndroidManifest.xml:91:9-94:72
160            android:name="com.onesignal.FocusDelaySyncJobService"
160-->[com.onesignal:OneSignal:4.6.3] AndroidManifest.xml:92:13-66
161            android:exported="false"
161-->[com.onesignal:OneSignal:4.6.3] AndroidManifest.xml:93:13-37
162            android:permission="android.permission.BIND_JOB_SERVICE" />
162-->[com.onesignal:OneSignal:4.6.3] AndroidManifest.xml:94:13-69
163        <service
163-->[com.onesignal:OneSignal:4.6.3] AndroidManifest.xml:95:9-98:43
164            android:name="com.onesignal.SyncService"
164-->[com.onesignal:OneSignal:4.6.3] AndroidManifest.xml:96:13-53
165            android:exported="false"
165-->[com.onesignal:OneSignal:4.6.3] AndroidManifest.xml:97:13-37
166            android:stopWithTask="true" />
166-->[com.onesignal:OneSignal:4.6.3] AndroidManifest.xml:98:13-40
167        <service
167-->[com.onesignal:OneSignal:4.6.3] AndroidManifest.xml:99:9-102:72
168            android:name="com.onesignal.SyncJobService"
168-->[com.onesignal:OneSignal:4.6.3] AndroidManifest.xml:100:13-56
169            android:exported="false"
169-->[com.onesignal:OneSignal:4.6.3] AndroidManifest.xml:101:13-37
170            android:permission="android.permission.BIND_JOB_SERVICE" />
170-->[com.onesignal:OneSignal:4.6.3] AndroidManifest.xml:102:13-69
171
172        <activity
172-->[com.onesignal:OneSignal:4.6.3] AndroidManifest.xml:104:9-107:75
173            android:name="com.onesignal.PermissionsActivity"
173-->[com.onesignal:OneSignal:4.6.3] AndroidManifest.xml:105:13-61
174            android:exported="false"
174-->[com.onesignal:OneSignal:4.6.3] AndroidManifest.xml:106:13-37
175            android:theme="@android:style/Theme.Translucent.NoTitleBar" />
175-->[com.onesignal:OneSignal:4.6.3] AndroidManifest.xml:107:13-72
176
177        <receiver
177-->[com.onesignal:OneSignal:4.6.3] AndroidManifest.xml:109:9-111:39
178            android:name="com.onesignal.NotificationDismissReceiver"
178-->[com.onesignal:OneSignal:4.6.3] AndroidManifest.xml:110:13-69
179            android:exported="true" />
179-->[com.onesignal:OneSignal:4.6.3] AndroidManifest.xml:111:13-36
180        <receiver
180-->[com.onesignal:OneSignal:4.6.3] AndroidManifest.xml:112:9-119:20
181            android:name="com.onesignal.BootUpReceiver"
181-->[com.onesignal:OneSignal:4.6.3] AndroidManifest.xml:113:13-56
182            android:exported="true" >
182-->[com.onesignal:OneSignal:4.6.3] AndroidManifest.xml:114:13-36
183            <intent-filter>
183-->[com.onesignal:OneSignal:4.6.3] AndroidManifest.xml:115:13-118:29
184                <action android:name="android.intent.action.BOOT_COMPLETED" />
184-->[com.onesignal:OneSignal:4.6.3] AndroidManifest.xml:116:17-79
184-->[com.onesignal:OneSignal:4.6.3] AndroidManifest.xml:116:25-76
185                <action android:name="android.intent.action.QUICKBOOT_POWERON" />
185-->[com.onesignal:OneSignal:4.6.3] AndroidManifest.xml:117:17-82
185-->[com.onesignal:OneSignal:4.6.3] AndroidManifest.xml:117:25-79
186            </intent-filter>
187        </receiver>
188        <receiver
188-->[com.onesignal:OneSignal:4.6.3] AndroidManifest.xml:120:9-126:20
189            android:name="com.onesignal.UpgradeReceiver"
189-->[com.onesignal:OneSignal:4.6.3] AndroidManifest.xml:121:13-57
190            android:exported="true" >
190-->[com.onesignal:OneSignal:4.6.3] AndroidManifest.xml:122:13-36
191            <intent-filter>
191-->[com.onesignal:OneSignal:4.6.3] AndroidManifest.xml:123:13-125:29
192                <action android:name="android.intent.action.MY_PACKAGE_REPLACED" />
192-->[com.onesignal:OneSignal:4.6.3] AndroidManifest.xml:124:17-84
192-->[com.onesignal:OneSignal:4.6.3] AndroidManifest.xml:124:25-81
193            </intent-filter>
194        </receiver>
195
196        <activity
196-->[com.onesignal:OneSignal:4.6.3] AndroidManifest.xml:128:9-134:75
197            android:name="com.onesignal.NotificationOpenedReceiver"
197-->[com.onesignal:OneSignal:4.6.3] AndroidManifest.xml:129:13-68
198            android:excludeFromRecents="true"
198-->[com.onesignal:OneSignal:4.6.3] AndroidManifest.xml:130:13-46
199            android:exported="true"
199-->[com.onesignal:OneSignal:4.6.3] AndroidManifest.xml:131:13-36
200            android:noHistory="true"
200-->[com.onesignal:OneSignal:4.6.3] AndroidManifest.xml:132:13-37
201            android:taskAffinity=""
201-->[com.onesignal:OneSignal:4.6.3] AndroidManifest.xml:133:13-36
202            android:theme="@android:style/Theme.Translucent.NoTitleBar" />
202-->[com.onesignal:OneSignal:4.6.3] AndroidManifest.xml:134:13-72
203        <activity
203-->[com.onesignal:OneSignal:4.6.3] AndroidManifest.xml:135:9-140:75
204            android:name="com.onesignal.NotificationOpenedReceiverAndroid22AndOlder"
204-->[com.onesignal:OneSignal:4.6.3] AndroidManifest.xml:136:13-85
205            android:excludeFromRecents="true"
205-->[com.onesignal:OneSignal:4.6.3] AndroidManifest.xml:137:13-46
206            android:exported="true"
206-->[com.onesignal:OneSignal:4.6.3] AndroidManifest.xml:138:13-36
207            android:noHistory="true"
207-->[com.onesignal:OneSignal:4.6.3] AndroidManifest.xml:139:13-37
208            android:theme="@android:style/Theme.Translucent.NoTitleBar" />
208-->[com.onesignal:OneSignal:4.6.3] AndroidManifest.xml:140:13-72
209        <!--
210             FirebaseMessagingService performs security checks at runtime,
211             but set to not exported to explicitly avoid allowing another app to call it.
212        -->
213        <service
213-->[com.google.firebase:firebase-messaging:19.0.0] AndroidManifest.xml:28:9-34:19
214            android:name="com.google.firebase.messaging.FirebaseMessagingService"
214-->[com.google.firebase:firebase-messaging:19.0.0] AndroidManifest.xml:29:13-82
215            android:exported="false" >
215-->[com.google.firebase:firebase-messaging:19.0.0] AndroidManifest.xml:30:13-37
216            <intent-filter android:priority="-500" >
216-->[com.google.firebase:firebase-messaging:19.0.0] AndroidManifest.xml:31:13-33:29
216-->[com.google.firebase:firebase-messaging:19.0.0] AndroidManifest.xml:31:28-51
217                <action android:name="com.google.firebase.MESSAGING_EVENT" />
217-->[com.google.firebase:firebase-messaging:19.0.0] AndroidManifest.xml:32:17-78
217-->[com.google.firebase:firebase-messaging:19.0.0] AndroidManifest.xml:32:25-75
218            </intent-filter>
219        </service>
220        <service
220-->[com.google.firebase:firebase-iid:19.0.0] AndroidManifest.xml:29:9-35:19
221            android:name="com.google.firebase.components.ComponentDiscoveryService"
221-->[com.google.firebase:firebase-iid:19.0.0] AndroidManifest.xml:30:13-84
222            android:exported="false" >
222-->[com.google.firebase:firebase-iid:19.0.0] AndroidManifest.xml:31:13-37
223            <meta-data
223-->[com.google.firebase:firebase-iid:19.0.0] AndroidManifest.xml:32:13-34:85
224                android:name="com.google.firebase.components:com.google.firebase.iid.Registrar"
224-->[com.google.firebase:firebase-iid:19.0.0] AndroidManifest.xml:33:17-96
225                android:value="com.google.firebase.components.ComponentRegistrar" />
225-->[com.google.firebase:firebase-iid:19.0.0] AndroidManifest.xml:34:17-82
226        </service>
227
228        <receiver
228-->[com.google.firebase:firebase-iid:19.0.0] AndroidManifest.xml:37:9-44:20
229            android:name="com.google.firebase.iid.FirebaseInstanceIdReceiver"
229-->[com.google.firebase:firebase-iid:19.0.0] AndroidManifest.xml:38:13-78
230            android:exported="true"
230-->[com.google.firebase:firebase-iid:19.0.0] AndroidManifest.xml:39:13-36
231            android:permission="com.google.android.c2dm.permission.SEND" >
231-->[com.google.firebase:firebase-iid:19.0.0] AndroidManifest.xml:40:13-73
232            <intent-filter>
232-->[com.google.firebase:firebase-iid:19.0.0] AndroidManifest.xml:41:13-43:29
233                <action android:name="com.google.android.c2dm.intent.RECEIVE" />
233-->[com.onesignal:OneSignal:4.6.3] AndroidManifest.xml:56:17-81
233-->[com.onesignal:OneSignal:4.6.3] AndroidManifest.xml:56:25-78
234            </intent-filter>
235        </receiver>
236
237        <activity
237-->[com.google.android.gms:play-services-base:17.0.0] AndroidManifest.xml:23:9-26:75
238            android:name="com.google.android.gms.common.api.GoogleApiActivity"
238-->[com.google.android.gms:play-services-base:17.0.0] AndroidManifest.xml:24:13-79
239            android:exported="false"
239-->[com.google.android.gms:play-services-base:17.0.0] AndroidManifest.xml:25:13-37
240            android:theme="@android:style/Theme.Translucent.NoTitleBar" />
240-->[com.google.android.gms:play-services-base:17.0.0] AndroidManifest.xml:26:13-72
241
242        <provider
242-->[com.google.firebase:firebase-common:18.0.0] AndroidManifest.xml:12:9-16:39
243            android:name="com.google.firebase.provider.FirebaseInitProvider"
243-->[com.google.firebase:firebase-common:18.0.0] AndroidManifest.xml:13:13-77
244            android:authorities="app.one.homchf.vendor.firebaseinitprovider"
244-->[com.google.firebase:firebase-common:18.0.0] AndroidManifest.xml:14:13-72
245            android:exported="false"
245-->[com.google.firebase:firebase-common:18.0.0] AndroidManifest.xml:15:13-37
246            android:initOrder="100" />
246-->[com.google.firebase:firebase-common:18.0.0] AndroidManifest.xml:16:13-36
247
248        <meta-data
248-->src/main/AndroidManifest.xml:31:13-33:73
249            android:name="com.google.android.gms.version"
249-->src/main/AndroidManifest.xml:32:17-62
250            android:value="@integer/google_play_services_version" />
250-->src/main/AndroidManifest.xml:33:17-70
251
252        <provider
252-->[androidx.work:work-runtime:2.7.1] AndroidManifest.xml:31:9-39:20
253            android:name="androidx.startup.InitializationProvider"
253-->[androidx.work:work-runtime:2.7.1] AndroidManifest.xml:32:13-67
254            android:authorities="app.one.homchf.vendor.androidx-startup"
254-->[androidx.work:work-runtime:2.7.1] AndroidManifest.xml:33:13-68
255            android:exported="false" >
255-->[androidx.work:work-runtime:2.7.1] AndroidManifest.xml:34:13-37
256            <meta-data
256-->[androidx.work:work-runtime:2.7.1] AndroidManifest.xml:36:13-38:52
257                android:name="androidx.work.WorkManagerInitializer"
257-->[androidx.work:work-runtime:2.7.1] AndroidManifest.xml:37:17-68
258                android:value="androidx.startup" />
258-->[androidx.work:work-runtime:2.7.1] AndroidManifest.xml:38:17-49
259        </provider>
260
261        <service
261-->[androidx.work:work-runtime:2.7.1] AndroidManifest.xml:41:9-46:35
262            android:name="androidx.work.impl.background.systemalarm.SystemAlarmService"
262-->[androidx.work:work-runtime:2.7.1] AndroidManifest.xml:42:13-88
263            android:directBootAware="false"
263-->[androidx.work:work-runtime:2.7.1] AndroidManifest.xml:43:13-44
264            android:enabled="@bool/enable_system_alarm_service_default"
264-->[androidx.work:work-runtime:2.7.1] AndroidManifest.xml:44:13-72
265            android:exported="false" />
265-->[androidx.work:work-runtime:2.7.1] AndroidManifest.xml:45:13-37
266        <service
266-->[androidx.work:work-runtime:2.7.1] AndroidManifest.xml:47:9-53:35
267            android:name="androidx.work.impl.background.systemjob.SystemJobService"
267-->[androidx.work:work-runtime:2.7.1] AndroidManifest.xml:48:13-84
268            android:directBootAware="false"
268-->[androidx.work:work-runtime:2.7.1] AndroidManifest.xml:49:13-44
269            android:enabled="@bool/enable_system_job_service_default"
269-->[androidx.work:work-runtime:2.7.1] AndroidManifest.xml:50:13-70
270            android:exported="true"
270-->[androidx.work:work-runtime:2.7.1] AndroidManifest.xml:51:13-36
271            android:permission="android.permission.BIND_JOB_SERVICE" />
271-->[androidx.work:work-runtime:2.7.1] AndroidManifest.xml:52:13-69
272        <service
272-->[androidx.work:work-runtime:2.7.1] AndroidManifest.xml:54:9-59:35
273            android:name="androidx.work.impl.foreground.SystemForegroundService"
273-->[androidx.work:work-runtime:2.7.1] AndroidManifest.xml:55:13-81
274            android:directBootAware="false"
274-->[androidx.work:work-runtime:2.7.1] AndroidManifest.xml:56:13-44
275            android:enabled="@bool/enable_system_foreground_service_default"
275-->[androidx.work:work-runtime:2.7.1] AndroidManifest.xml:57:13-77
276            android:exported="false" />
276-->[androidx.work:work-runtime:2.7.1] AndroidManifest.xml:58:13-37
277
278        <receiver
278-->[androidx.work:work-runtime:2.7.1] AndroidManifest.xml:61:9-66:35
279            android:name="androidx.work.impl.utils.ForceStopRunnable$BroadcastReceiver"
279-->[androidx.work:work-runtime:2.7.1] AndroidManifest.xml:62:13-88
280            android:directBootAware="false"
280-->[androidx.work:work-runtime:2.7.1] AndroidManifest.xml:63:13-44
281            android:enabled="true"
281-->[androidx.work:work-runtime:2.7.1] AndroidManifest.xml:64:13-35
282            android:exported="false" />
282-->[androidx.work:work-runtime:2.7.1] AndroidManifest.xml:65:13-37
283        <receiver
283-->[androidx.work:work-runtime:2.7.1] AndroidManifest.xml:67:9-77:20
284            android:name="androidx.work.impl.background.systemalarm.ConstraintProxy$BatteryChargingProxy"
284-->[androidx.work:work-runtime:2.7.1] AndroidManifest.xml:68:13-106
285            android:directBootAware="false"
285-->[androidx.work:work-runtime:2.7.1] AndroidManifest.xml:69:13-44
286            android:enabled="false"